2018-09-01 00:23:55,408  ERROR  Exception: Microsoft.Data.Sqlite.SqliteException, SQLite Error 14: 'unable to open database file'.,
 Method: LatticeDataService.Initialize,
 Args: ,
 Object: Wist.BlockLattice.SQLite.LatticeDataService,
 Full Exception: Microsoft.Data.Sqlite.SqliteException (0x80004005): SQLite Error 14: 'unable to open database file'.
   at Microsoft.Data.Sqlite.SqliteException.ThrowExceptionForRC(Int32 rc, sqlite3 db)
   at Microsoft.Data.Sqlite.SqliteConnection.Open()
   at Microsoft.EntityFrameworkCore.Storage.RelationalConnection.OpenDbConnection(Boolean errorsExpected)
   at Microsoft.EntityFrameworkCore.Storage.RelationalConnection.Open(Boolean errorsExpected)
   at Microsoft.EntityFrameworkCore.Sqlite.Storage.Internal.SqliteRelationalConnection.Open(Boolean errorsExpected)
   at Microsoft.EntityFrameworkCore.Sqlite.Storage.Internal.SqliteDatabaseCreator.Create()
   at Microsoft.EntityFrameworkCore.Storage.RelationalDatabaseCreator.EnsureCreated()
   at Wist.BlockLattice.SQLite.LatticeDataService.Initialize()
2018-09-01 00:23:55,457  ERROR  Exception: Microsoft.Data.Sqlite.SqliteException, SQLite Error 14: 'unable to open database file'.,
 Method: LatticeDataService.get_Instance,
 Args: ,
 Object: ,
 Full Exception: Microsoft.Data.Sqlite.SqliteException (0x80004005): SQLite Error 14: 'unable to open database file'.
   at Microsoft.Data.Sqlite.SqliteException.ThrowExceptionForRC(Int32 rc, sqlite3 db)
   at Microsoft.Data.Sqlite.SqliteConnection.Open()
   at Microsoft.EntityFrameworkCore.Storage.RelationalConnection.OpenDbConnection(Boolean errorsExpected)
   at Microsoft.EntityFrameworkCore.Storage.RelationalConnection.Open(Boolean errorsExpected)
   at Microsoft.EntityFrameworkCore.Sqlite.Storage.Internal.SqliteRelationalConnection.Open(Boolean errorsExpected)
   at Microsoft.EntityFrameworkCore.Sqlite.Storage.Internal.SqliteDatabaseCreator.Create()
   at Microsoft.EntityFrameworkCore.Storage.RelationalDatabaseCreator.EnsureCreated()
   at Wist.BlockLattice.SQLite.LatticeDataService.Initialize()
   at Wist.BlockLattice.SQLite.LatticeDataService.get_Instance()
2018-09-01 00:23:55,475  ERROR Failed to initialize Wist.BlockLattice.SQLite.SQLiteInitializer
Microsoft.Data.Sqlite.SqliteException (0x80004005): SQLite Error 14: 'unable to open database file'.
   at Microsoft.Data.Sqlite.SqliteException.ThrowExceptionForRC(Int32 rc, sqlite3 db)
   at Microsoft.Data.Sqlite.SqliteConnection.Open()
   at Microsoft.EntityFrameworkCore.Storage.RelationalConnection.OpenDbConnection(Boolean errorsExpected)
   at Microsoft.EntityFrameworkCore.Storage.RelationalConnection.Open(Boolean errorsExpected)
   at Microsoft.EntityFrameworkCore.Sqlite.Storage.Internal.SqliteRelationalConnection.Open(Boolean errorsExpected)
   at Microsoft.EntityFrameworkCore.Sqlite.Storage.Internal.SqliteDatabaseCreator.Create()
   at Microsoft.EntityFrameworkCore.Storage.RelationalDatabaseCreator.EnsureCreated()
   at Wist.BlockLattice.SQLite.LatticeDataService.Initialize()
   at Wist.BlockLattice.SQLite.LatticeDataService.get_Instance()
   at Wist.BlockLattice.SQLite.SQLiteInitializer.InitializeInner()
   at Wist.Core.InitializerBase.Initialize()
   at Wist.Core.Architecture.Bootstrapper.RunInitializers()
2018-09-01 00:23:55,509  ERROR Failed to initialize PerformanceCategory EndToEndCounters
System.InvalidOperationException: The requested Performance Counter is not a custom counter, it has to be initialized as ReadOnly.
   at Wist.Core.PerformanceCounters.PerformanceCounterBase.Initialize(String categoryName, String counterName, String instanceName, PerformanceCounterType expectedType)
   at Wist.Core.PerformanceCounters.PerformanceCountersCategoryBase.Initialize()
   at Wist.Core.PerformanceCounters.PerformanceCountersInitializer.InitializeInner()
2018-09-01 00:23:55,532  ERROR Failed to initialize PerformanceCategory CommunicationCounters
System.InvalidOperationException: The requested Performance Counter is not a custom counter, it has to be initialized as ReadOnly.
   at Wist.Core.PerformanceCounters.PerformanceCounterBase.Initialize(String categoryName, String counterName, String instanceName, PerformanceCounterType expectedType)
   at Wist.Core.PerformanceCounters.PerformanceCountersCategoryBase.Initialize()
   at Wist.Core.PerformanceCounters.PerformanceCountersInitializer.InitializeInner()
2018-09-01 00:23:55,556  ERROR Failed to initialize PerformanceCategory NodeCounters
System.InvalidOperationException: The requested Performance Counter is not a custom counter, it has to be initialized as ReadOnly.
   at Wist.Core.PerformanceCounters.PerformanceCounterBase.Initialize(String categoryName, String counterName, String instanceName, PerformanceCounterType expectedType)
   at Wist.Core.PerformanceCounters.PerformanceCountersCategoryBase.Initialize()
   at Wist.Core.PerformanceCounters.PerformanceCountersInitializer.InitializeInner()
2018-09-01 00:23:55,880  ERROR  Exception: Microsoft.Data.Sqlite.SqliteException, SQLite Error 14: 'unable to open database file'.,
 Method: LatticeDataService.GetLastSynchronizationBlock,
 Args: ,
 Object: Wist.BlockLattice.SQLite.LatticeDataService,
 Full Exception: Microsoft.Data.Sqlite.SqliteException (0x80004005): SQLite Error 14: 'unable to open database file'.
   at Microsoft.Data.Sqlite.SqliteException.ThrowExceptionForRC(Int32 rc, sqlite3 db)
   at Microsoft.Data.Sqlite.SqliteConnection.Open()
   at Microsoft.EntityFrameworkCore.Storage.RelationalConnection.OpenDbConnection(Boolean errorsExpected)
   at Microsoft.EntityFrameworkCore.Storage.RelationalConnection.Open(Boolean errorsExpected)
   at Microsoft.EntityFrameworkCore.Sqlite.Storage.Internal.SqliteRelationalConnection.Open(Boolean errorsExpected)
   at Microsoft.EntityFrameworkCore.Query.Internal.QueryingEnumerable`1.Enumerator.BufferlessMoveNext(DbContext _, Boolean buffer)
   at Microsoft.EntityFrameworkCore.Query.Internal.QueryingEnumerable`1.Enumerator.MoveNext()
   at System.Linq.Enumerable.FirstOrDefault[TSource](IEnumerable`1 source)
   at Microsoft.EntityFrameworkCore.Query.Internal.LinqOperatorProvider.ResultEnumerable`1.GetEnumerator()
   at Microsoft.EntityFrameworkCore.Query.Internal.LinqOperatorProvider.<_TrackEntities>d__17`2.MoveNext()
   at Microsoft.EntityFrameworkCore.Query.Internal.LinqOperatorProvider.ExceptionInterceptor`1.EnumeratorExceptionInterceptor.MoveNext()
   at System.Linq.Enumerable.First[TSource](IEnumerable`1 source)
   at Microsoft.EntityFrameworkCore.Query.Internal.QueryCompiler.<>c__DisplayClass15_1`1.<CompileQueryCore>b__0(QueryContext qc)
   at Wist.BlockLattice.SQLite.LatticeDataService.GetLastSynchronizationBlock()
2018-09-01 00:23:55,901  ERROR Failed to initialize Wist.Node.Core.Synchronization.SynchronizationInitializer
Microsoft.Data.Sqlite.SqliteException (0x80004005): SQLite Error 14: 'unable to open database file'.
   at Microsoft.Data.Sqlite.SqliteException.ThrowExceptionForRC(Int32 rc, sqlite3 db)
   at Microsoft.Data.Sqlite.SqliteConnection.Open()
   at Microsoft.EntityFrameworkCore.Storage.RelationalConnection.OpenDbConnection(Boolean errorsExpected)
   at Microsoft.EntityFrameworkCore.Storage.RelationalConnection.Open(Boolean errorsExpected)
   at Microsoft.EntityFrameworkCore.Sqlite.Storage.Internal.SqliteRelationalConnection.Open(Boolean errorsExpected)
   at Microsoft.EntityFrameworkCore.Query.Internal.QueryingEnumerable`1.Enumerator.BufferlessMoveNext(DbContext _, Boolean buffer)
   at Microsoft.EntityFrameworkCore.Query.Internal.QueryingEnumerable`1.Enumerator.MoveNext()
   at System.Linq.Enumerable.FirstOrDefault[TSource](IEnumerable`1 source)
   at Microsoft.EntityFrameworkCore.Query.Internal.LinqOperatorProvider.ResultEnumerable`1.GetEnumerator()
   at Microsoft.EntityFrameworkCore.Query.Internal.LinqOperatorProvider.<_TrackEntities>d__17`2.MoveNext()
   at Microsoft.EntityFrameworkCore.Query.Internal.LinqOperatorProvider.ExceptionInterceptor`1.EnumeratorExceptionInterceptor.MoveNext()
   at System.Linq.Enumerable.First[TSource](IEnumerable`1 source)
   at Microsoft.EntityFrameworkCore.Query.Internal.QueryCompiler.<>c__DisplayClass15_1`1.<CompileQueryCore>b__0(QueryContext qc)
   at Wist.BlockLattice.SQLite.LatticeDataService.GetLastSynchronizationBlock()
   at Wist.BlockLattice.SQLite.DataServices.SynchronizationDataService.GetLastBlock(IKey key)
   at Wist.Node.Core.Synchronization.SynchronizationInitializer.InitializeInner()
   at Wist.Core.InitializerBase.Initialize()
   at Wist.Core.Architecture.Bootstrapper.RunInitializers()
2018-09-01 00:30:42,981  ERROR Unhandled exception caught
CommonServiceLocator.ActivationException: Activation error occurred while trying to get instance of type NodeMain, key "" ---> Unity.Exceptions.ResolutionFailedException: Resolution of the dependency failed, type = 'Wist.Node.Core.NodeMain', name = '(none)'.
Exception occurred while: Calling constructor Wist.Node.Core.Synchronization.TransactionsRegistrySyncHandler(Wist.Core.States.IStatesRepository statesRepository, Wist.Node.Core.Synchronization.ISyncShardsManager syncShardsManager, Wist.Core.Identity.IIdentityKeyProvidersRegistry identityKeyProvidersRegistry, Wist.Core.Cryptography.ICryptoService cryptoService, Wist.BlockLattice.Core.Serializers.ISignatureSupportSerializersFactory signatureSupportSerializersFactory, Wist.Core.HashCalculations.IHashCalculationsRepository hashCalculationsRepository, Wist.Communication.Interfaces.IServerCommunicationServicesRegistry communicationServicesRegistry).
Exception is: StateServiceNotSupportedException - State service Wist.Node.Core.Synchronization.ISyncRegistryNeighborhoodState not supported.
-----------------------------------------------
At the time of the exception, the container was: 
  Resolving Wist.Node.Core.NodeMain,(none)
  Resolving parameter 'communicationServicesFactory' of constructor Wist.Node.Core.NodeMain(Wist.Communication.Interfaces.IServerCommunicationServicesRepository communicationServicesFactory, Wist.Communication.Interfaces.IServerCommunicationServicesRegistry communicationServicesRegistry, Wist.Core.Configuration.IConfigurationService configurationService, Wist.Node.Core.Modules.IModulesRepository modulesRepository, Wist.BlockLattice.Core.Handlers.IPacketsHandler packetsHandler, Wist.BlockLattice.Core.Interfaces.IBlocksHandlersRegistry blocksProcessorFactory, Wist.Core.Logging.ILoggerService loggerService)
    Resolving Wist.Communication.ServerCommunicationServicesRepository,(none) (mapped from Wist.Communication.Interfaces.IServerCommunicationServicesRepository, (none))
    Resolving parameter 'communicationServices' of constructor Wist.Communication.ServerCommunicationServicesRepository(Wist.Communication.Interfaces.IServerCommunicationService[] communicationServices)
      Resolving Wist.Communication.Interfaces.IServerCommunicationService[],(none)
        Resolving Wist.Communication.Sockets.TcpIntermittentCommunicationService,Wist.Communication.Sockets.TcpIntermittentCommunicationService (mapped from Wist.Communication.Interfaces.IServerCommunicationService, Wist.Communication.Sockets.TcpIntermittentCommunicationService)
        Resolving parameter 'packetsHandler' of constructor Wist.Communication.Sockets.TcpIntermittentCommunicationService(Wist.Core.Architecture.IApplicationContext applicationContext, Wist.Core.Logging.ILoggerService loggerService, Wist.Communication.Interfaces.IBufferManagerFactory bufferManagerFactory, Wist.BlockLattice.Core.Handlers.IPacketsHandler packetsHandler, Wist.Core.Communication.INodesResolutionService nodesResolutionService)
          Resolving Wist.BlockLattice.Core.Handlers.PacketsHandler,(none) (mapped from Wist.BlockLattice.Core.Handlers.IPacketsHandler, (none))
          Resolving parameter 'blocksProcessorFactory' of constructor Wist.BlockLattice.Core.Handlers.PacketsHandler(Wist.BlockLattice.Core.Interfaces.IPacketVerifiersRepository packetTypeHandlersFactory, Wist.BlockLattice.Core.Parsers.IBlockParsersRepositoriesRepository blockParsersFactoriesRepository, Wist.BlockLattice.Core.Interfaces.IBlocksHandlersRegistry blocksProcessorFactory, Wist.BlockLattice.Core.Handlers.ICoreVerifiersBulkFactory coreVerifiersBulkFactory, Wist.Core.PerformanceCounters.IPerformanceCountersRepository performanceCountersRepository, Wist.Core.Logging.ILoggerService loggerService)
            Resolving Wist.BlockLattice.Core.BlocksHandlersRegistry,(none) (mapped from Wist.BlockLattice.Core.Interfaces.IBlocksHandlersRegistry, (none))
            Resolving parameter 'blocksProcessors' of constructor Wist.BlockLattice.Core.BlocksHandlersRegistry(Wist.BlockLattice.Core.Interfaces.IBlocksHandler[] blocksProcessors)
              Resolving Wist.BlockLattice.Core.Interfaces.IBlocksHandler[],(none)
                Resolving Wist.Node.Core.Synchronization.TransactionsRegistrySyncHandler,Wist.Node.Core.Synchronization.TransactionsRegistrySyncHandler (mapped from Wist.BlockLattice.Core.Interfaces.IBlocksHandler, Wist.Node.Core.Synchronization.TransactionsRegistrySyncHandler)
                Calling constructor Wist.Node.Core.Synchronization.TransactionsRegistrySyncHandler(Wist.Core.States.IStatesRepository statesRepository, Wist.Node.Core.Synchronization.ISyncShardsManager syncShardsManager, Wist.Core.Identity.IIdentityKeyProvidersRegistry identityKeyProvidersRegistry, Wist.Core.Cryptography.ICryptoService cryptoService, Wist.BlockLattice.Core.Serializers.ISignatureSupportSerializersFactory signatureSupportSerializersFactory, Wist.Core.HashCalculations.IHashCalculationsRepository hashCalculationsRepository, Wist.Communication.Interfaces.IServerCommunicationServicesRegistry communicationServicesRegistry)
 ---> Wist.Core.Exceptions.StateServiceNotSupportedException: State service Wist.Node.Core.Synchronization.ISyncRegistryNeighborhoodState not supported.
   at Wist.Core.States.StatesRepository.GetInstance[T]()
   at Wist.Node.Core.Synchronization.TransactionsRegistrySyncHandler..ctor(IStatesRepository statesRepository, ISyncShardsManager syncShardsManager, IIdentityKeyProvidersRegistry identityKeyProvidersRegistry, ICryptoService cryptoService, ISignatureSupportSerializersFactory signatureSupportSerializersFactory, IHashCalculationsRepository hashCalculationsRepository, IServerCommunicationServicesRegistry communicationServicesRegistry)
   at lambda_method(Closure , IBuilderContext )
   at Unity.ObjectBuilder.BuildPlan.DynamicMethod.DynamicBuildPlanGenerationContext.<>c__DisplayClass16_0.<GetBuildMethod>b__0(IBuilderContext context)
   at Unity.Strategies.BuildPlanStrategy.PreBuildUp(IBuilderContext context)
   at Unity.Builder.BuilderContext.NewBuildUp(InternalRegistration registration)
   at Unity.UnityContainer.ResolveRegistrations[T](IBuilderContext context, IList`1 registrations)
   at Unity.UnityContainer.ResolveArray[T](IBuilderContext context)
   at Unity.Strategies.ArrayResolveStrategy.PreBuildUp(IBuilderContext context)
   at Unity.Builder.BuilderContext.NewBuildUp(Type type, String name, Action`1 childCustomizationBlock)
   at lambda_method(Closure , IBuilderContext )
   at Unity.ObjectBuilder.BuildPlan.DynamicMethod.DynamicBuildPlanGenerationContext.<>c__DisplayClass16_0.<GetBuildMethod>b__0(IBuilderContext context)
   at Unity.Strategies.BuildPlanStrategy.PreBuildUp(IBuilderContext context)
   at Unity.Builder.BuilderContext.NewBuildUp(Type type, String name, Action`1 childCustomizationBlock)
   at lambda_method(Closure , IBuilderContext )
   at Unity.ObjectBuilder.BuildPlan.DynamicMethod.DynamicBuildPlanGenerationContext.<>c__DisplayClass16_0.<GetBuildMethod>b__0(IBuilderContext context)
   at Unity.Strategies.BuildPlanStrategy.PreBuildUp(IBuilderContext context)
   at Unity.Builder.BuilderContext.NewBuildUp(Type type, String name, Action`1 childCustomizationBlock)
   at lambda_method(Closure , IBuilderContext )
   at Unity.ObjectBuilder.BuildPlan.DynamicMethod.DynamicBuildPlanGenerationContext.<>c__DisplayClass16_0.<GetBuildMethod>b__0(IBuilderContext context)
   at Unity.Strategies.BuildPlanStrategy.PreBuildUp(IBuilderContext context)
   at Unity.Builder.BuilderContext.NewBuildUp(InternalRegistration registration)
   at Unity.UnityContainer.ResolveRegistrations[T](IBuilderContext context, IList`1 registrations)
   at Unity.UnityContainer.ResolveArray[T](IBuilderContext context)
   at Unity.Strategies.ArrayResolveStrategy.PreBuildUp(IBuilderContext context)
   at Unity.Builder.BuilderContext.NewBuildUp(Type type, String name, Action`1 childCustomizationBlock)
   at lambda_method(Closure , IBuilderContext )
   at Unity.ObjectBuilder.BuildPlan.DynamicMethod.DynamicBuildPlanGenerationContext.<>c__DisplayClass16_0.<GetBuildMethod>b__0(IBuilderContext context)
   at Unity.Strategies.BuildPlanStrategy.PreBuildUp(IBuilderContext context)
   at Unity.Builder.BuilderContext.NewBuildUp(Type type, String name, Action`1 childCustomizationBlock)
   at lambda_method(Closure , IBuilderContext )
   at Unity.ObjectBuilder.BuildPlan.DynamicMethod.DynamicBuildPlanGenerationContext.<>c__DisplayClass16_0.<GetBuildMethod>b__0(IBuilderContext context)
   at Unity.Strategies.BuildPlanStrategy.PreBuildUp(IBuilderContext context)
   at Unity.UnityContainer.ThrowingBuildUp(IBuilderContext context)
   --- End of inner exception stack trace ---
   at Unity.UnityContainer.ThrowingBuildUp(IBuilderContext context)
   at CommonServiceLocator.ServiceLocatorImplBase.GetInstance(Type serviceType, String key)
   --- End of inner exception stack trace ---
   at CommonServiceLocator.ServiceLocatorImplBase.GetInstance(Type serviceType, String key)
   at CommonServiceLocator.ServiceLocatorImplBase.GetInstance[TService]()
   at Wist.Node.Core.NodeBootstrapper.StartNode()
   at Wist.Node.Core.NodeBootstrapper.Run()
   at Wist.Node.Console.Program.Main(String[] args) in E:\GitDevelopment\Repos\Wist\Node\Wist.Node.Console\Program.cs:line 32
